[debug] > Exec(early(addDefaultCommands), None, None)
[debug] > Exec(addDefaultCommands, None, None)
[debug] > Exec(early(initialize), None, None)
[debug] > Exec(initialize, None, None)
[debug] > Exec(boot, None, None)
[debug] > Exec(writeSbtVersion, None, None)
[debug] > Exec(reload, None, None)
[debug] > Exec(sbtStashOnFailure, None, None)
[debug] > Exec(onFailure loadFailed, None, None)
[debug] > Exec(loadp, None, None)
[info] welcome to sbt 1.10.7 (Ubuntu Java 21.0.9)
[debug] Load.defaultLoad until apply took 52.655853ms
[debug]           Load.loadUnit: plugins took 34.436845ms
[debug]           Load.loadUnit: defsScala took 0.116803ms
[debug] [Loading] Scanning directory /home/david-lacour/Documents/Tchu/tchu-scala/project
[debug] [Loading] Found non-root projects 
[debug] [Loading] Done in /home/david-lacour/Documents/Tchu/tchu-scala/project, returning: ()
[debug] deducing auto plugins based on known facts Set(Atom(sbt.plugins.CorePlugin)) and clauses Clauses(Clause(Atom(sbt.plugins.JvmPlugin),Set(Atom(sbt.plugins.IvyPlugin)))
[debug] Clause(Atom(sbt.ScriptedPlugin),Set(Atom(sbt.plugins.JvmPlugin)))
[debug] Clause(Atom(sbt.plugins.SbtPlugin),Set(Atom(sbt.ScriptedPlugin)))
[debug] Clause(Atom(sbt.plugins.SemanticdbPlugin),Set(Atom(sbt.plugins.JvmPlugin)))
[debug] Clause(Atom(sbt.plugins.JUnitXmlReportPlugin),Set(Atom(sbt.plugins.JvmPlugin)))
[debug] Clause(Atom(sbt.plugins.MiniDependencyTreePlugin),Set(Atom(sbt.plugins.JvmPlugin)))
[debug] Clause(Atom(sbt.plugins.CorePlugin),Set(Atom(sbt.plugins.IvyPlugin)))
[debug] Clause(Atom(sbt.plugins.IvyPlugin),Set(Atom(sbt.plugins.JvmPlugin)))
[debug] Clause(Atom(sbt.plugins.JvmPlugin),Set(Atom(sbt.plugins.SemanticdbPlugin)))
[debug] Clause(Atom(sbt.plugins.JvmPlugin),Set(Atom(sbt.plugins.JUnitXmlReportPlugin)))
[debug] Clause(Atom(sbt.plugins.CorePlugin),Set(Atom(sbt.plugins.Giter8TemplatePlugin)))
[debug] Clause(Atom(sbt.plugins.JvmPlugin),Set(Atom(sbt.plugins.MiniDependencyTreePlugin))))
[debug]   :: deduced result: Matched(sbt.plugins.CorePlugin,sbt.plugins.Giter8TemplatePlugin,sbt.plugins.IvyPlugin,sbt.plugins.JvmPlugin,sbt.plugins.MiniDependencyTreePlugin,sbt.plugins.JUnitXmlReportPlugin,sbt.plugins.SemanticdbPlugin)
[debug] Plugins.deducer#function took 8.046165 ms
[debug]               Load.resolveProject(tchu-scala-build) took 20.001464ms
[debug]             Load.loadTransitive: finalizeProject(Project(id tchu-scala-build, base: /home/david-lacour/Documents/Tchu/tchu-scala/project, plugins: List(<none>))) took 39.409154ms
[debug] [Loading] Done in /home/david-lacour/Documents/Tchu/tchu-scala/project, returning: (tchu-scala-build)
[debug]           Load.loadUnit: loadedProjectsRaw took 50.834617ms
[debug]           Load.loadUnit: cleanEvalClasses took 0.088584ms
[debug]         Load.loadUnit(file:/home/david-lacour/Documents/Tchu/tchu-scala/project/, ...) took 88.074669ms
[debug]       Load.apply: load took 174.32116ms
[debug]       Load.apply: resolveProjects took 2.840308ms
[debug]       Load.apply: finalTransforms took 40.262734ms
[debug]       Load.apply: config.delegates took 2.874561ms
[debug]       Load.apply: Def.make(settings)... took 221.102133ms
[debug]       Load.apply: structureIndex took 55.57503ms
[debug]       Load.apply: mkStreams took 1.167589ms
[info] loading project definition from /home/david-lacour/Documents/Tchu/tchu-scala/project
[debug] Running task... Cancel: Signal, check cycles: false, forcegc: true
[debug]     Load.loadUnit: plugins took 934.867933ms
[debug]     Load.loadUnit: defsScala took 0.002202ms
[debug] [Loading] Scanning directory /home/david-lacour/Documents/Tchu/tchu-scala
[debug]       Load.loadUnit: mkEval took 2.197213ms
[debug] [Loading] Found root project root w/ remaining 
[debug] deducing auto plugins based on known facts Set(Atom(sbt.plugins.CorePlugin)) and clauses Clauses(Clause(Atom(sbt.plugins.JvmPlugin),Set(Atom(sbt.plugins.IvyPlugin)))
[debug] Clause(Atom(sbt.ScriptedPlugin),Set(Atom(sbt.plugins.JvmPlugin)))
[debug] Clause(Atom(sbt.plugins.SbtPlugin),Set(Atom(sbt.ScriptedPlugin)))
[debug] Clause(Atom(sbt.plugins.SemanticdbPlugin),Set(Atom(sbt.plugins.JvmPlugin)))
[debug] Clause(Atom(sbt.plugins.JUnitXmlReportPlugin),Set(Atom(sbt.plugins.JvmPlugin)))
[debug] Clause(Atom(sbt.plugins.MiniDependencyTreePlugin),Set(Atom(sbt.plugins.JvmPlugin)))
[debug] Clause(Atom(sbt.plugins.CorePlugin),Set(Atom(sbt.plugins.IvyPlugin)))
[debug] Clause(Atom(sbt.plugins.IvyPlugin),Set(Atom(sbt.plugins.JvmPlugin)))
[debug] Clause(Atom(sbt.plugins.JvmPlugin),Set(Atom(sbt.plugins.SemanticdbPlugin)))
[debug] Clause(Atom(sbt.plugins.JvmPlugin),Set(Atom(sbt.plugins.JUnitXmlReportPlugin)))
[debug] Clause(Atom(sbt.plugins.CorePlugin),Set(Atom(sbt.plugins.Giter8TemplatePlugin)))
[debug] Clause(Atom(sbt.plugins.JvmPlugin),Set(Atom(sbt.plugins.MiniDependencyTreePlugin))))
[debug]   :: deduced result: Matched(sbt.plugins.CorePlugin,sbt.plugins.Giter8TemplatePlugin,sbt.plugins.IvyPlugin,sbt.plugins.JvmPlugin,sbt.plugins.MiniDependencyTreePlugin,sbt.plugins.JUnitXmlReportPlugin,sbt.plugins.SemanticdbPlugin)
[debug] Plugins.deducer#function took 1.116203 ms
[info] loading settings for project root from build.sbt...
[debug]         Load.resolveProject(root) took 1.156433ms
[debug]       Load.loadTransitive: finalizeProject(Project(id root, base: /home/david-lacour/Documents/Tchu/tchu-scala, plugins: List(<none>))) took 2.771923ms
[debug] [Loading] Done in /home/david-lacour/Documents/Tchu/tchu-scala, returning: (root)
[debug]     Load.loadUnit: loadedProjectsRaw took 83.631972ms
[debug]     Load.loadUnit: cleanEvalClasses took 1.352252ms
[debug]   Load.loadUnit(file:/home/david-lacour/Documents/Tchu/tchu-scala/, ...) took 1020.855987ms
[debug] Load.apply: load took 1032.388488ms
[debug] Load.apply: resolveProjects took 0.107694ms
[debug] Load.apply: finalTransforms took 5.9637ms
[debug] Load.apply: config.delegates took 0.217306ms
[debug] Load.apply: Def.make(settings)... took 48.269885ms
[debug] Load.apply: structureIndex took 22.624095ms
[debug] Load.apply: mkStreams took 0.001934ms
[info] set current project to tchu-scala (in build file:/home/david-lacour/Documents/Tchu/tchu-scala/)
[debug] > Exec(sbtPopOnFailure, None, None)
[debug] > Exec(resumeFromFailure, None, None)
[debug] > Exec(notifyUsersAboutShell, None, None)
[debug] > Exec(iflast shell, None, None)
[debug] > Exec(run, None, None)
[debug] Evaluating tasks: Compile / run
[debug] Running task... Cancel: Signal, check cycles: false, forcegc: true
[info] compiling 2 Scala sources to /home/david-lacour/Documents/Tchu/tchu-scala/target/scala-3.8.0/classes ...
[info] done compiling
