[debug] > Exec(early(addDefaultCommands), None, None)
[debug] > Exec(addDefaultCommands, None, None)
[debug] > Exec(early(initialize), None, None)
[debug] > Exec(initialize, None, None)
[debug] > Exec(boot, None, None)
[debug] > Exec(writeSbtVersion, None, None)
[debug] > Exec(reload, None, None)
[debug] > Exec(sbtStashOnFailure, None, None)
[debug] > Exec(onFailure loadFailed, None, None)
[debug] > Exec(loadp, None, None)
[info] welcome to sbt 1.10.7 (Ubuntu Java 21.0.9)
[debug] Load.defaultLoad until apply took 50.50863ms
[debug]           Load.loadUnit: plugins took 35.37932ms
[debug]           Load.loadUnit: defsScala took 0.13281ms
[debug] [Loading] Scanning directory /home/david-lacour/Documents/Tchu/tchu-scala/project
[debug] [Loading] Found non-root projects 
[debug] [Loading] Done in /home/david-lacour/Documents/Tchu/tchu-scala/project, returning: ()
[debug] deducing auto plugins based on known facts Set(Atom(sbt.plugins.CorePlugin)) and clauses Clauses(Clause(Atom(sbt.plugins.JvmPlugin),Set(Atom(sbt.plugins.IvyPlugin)))
[debug] Clause(Atom(sbt.ScriptedPlugin),Set(Atom(sbt.plugins.JvmPlugin)))
[debug] Clause(Atom(sbt.plugins.SbtPlugin),Set(Atom(sbt.ScriptedPlugin)))
[debug] Clause(Atom(sbt.plugins.SemanticdbPlugin),Set(Atom(sbt.plugins.JvmPlugin)))
[debug] Clause(Atom(sbt.plugins.JUnitXmlReportPlugin),Set(Atom(sbt.plugins.JvmPlugin)))
[debug] Clause(Atom(sbt.plugins.MiniDependencyTreePlugin),Set(Atom(sbt.plugins.JvmPlugin)))
[debug] Clause(Atom(sbt.plugins.CorePlugin),Set(Atom(sbt.plugins.IvyPlugin)))
[debug] Clause(Atom(sbt.plugins.IvyPlugin),Set(Atom(sbt.plugins.JvmPlugin)))
[debug] Clause(Atom(sbt.plugins.JvmPlugin),Set(Atom(sbt.plugins.SemanticdbPlugin)))
[debug] Clause(Atom(sbt.plugins.JvmPlugin),Set(Atom(sbt.plugins.JUnitXmlReportPlugin)))
[debug] Clause(Atom(sbt.plugins.CorePlugin),Set(Atom(sbt.plugins.Giter8TemplatePlugin)))
[debug] Clause(Atom(sbt.plugins.JvmPlugin),Set(Atom(sbt.plugins.MiniDependencyTreePlugin))))
[debug]   :: deduced result: Matched(sbt.plugins.CorePlugin,sbt.plugins.Giter8TemplatePlugin,sbt.plugins.IvyPlugin,sbt.plugins.JvmPlugin,sbt.plugins.MiniDependencyTreePlugin,sbt.plugins.JUnitXmlReportPlugin,sbt.plugins.SemanticdbPlugin)
[debug] Plugins.deducer#function took 9.579852 ms
[debug]               Load.resolveProject(tchu-scala-build) took 24.040516ms
[debug]             Load.loadTransitive: finalizeProject(Project(id tchu-scala-build, base: /home/david-lacour/Documents/Tchu/tchu-scala/project, plugins: List(<none>))) took 45.266224ms
[debug] [Loading] Done in /home/david-lacour/Documents/Tchu/tchu-scala/project, returning: (tchu-scala-build)
[debug]           Load.loadUnit: loadedProjectsRaw took 57.591744ms
[debug]           Load.loadUnit: cleanEvalClasses took 0.098462ms
[debug]         Load.loadUnit(file:/home/david-lacour/Documents/Tchu/tchu-scala/project/, ...) took 95.762191ms
[debug]       Load.apply: load took 173.52088ms
[debug]       Load.apply: resolveProjects took 2.943885ms
[debug]       Load.apply: finalTransforms took 34.536347ms
[debug]       Load.apply: config.delegates took 3.290108ms
[debug]       Load.apply: Def.make(settings)... took 191.157448ms
[debug]       Load.apply: structureIndex took 74.531459ms
[debug]       Load.apply: mkStreams took 1.017768ms
[info] loading project definition from /home/david-lacour/Documents/Tchu/tchu-scala/project
[debug] Running task... Cancel: Signal, check cycles: false, forcegc: true
[debug]     Load.loadUnit: plugins took 891.527852ms
[debug]     Load.loadUnit: defsScala took 0.002511ms
[debug] [Loading] Scanning directory /home/david-lacour/Documents/Tchu/tchu-scala
[debug]       Load.loadUnit: mkEval took 2.204752ms
[debug] [Loading] Found root project root w/ remaining 
[debug] deducing auto plugins based on known facts Set(Atom(sbt.plugins.CorePlugin)) and clauses Clauses(Clause(Atom(sbt.plugins.JvmPlugin),Set(Atom(sbt.plugins.IvyPlugin)))
[debug] Clause(Atom(sbt.ScriptedPlugin),Set(Atom(sbt.plugins.JvmPlugin)))
[debug] Clause(Atom(sbt.plugins.SbtPlugin),Set(Atom(sbt.ScriptedPlugin)))
[debug] Clause(Atom(sbt.plugins.SemanticdbPlugin),Set(Atom(sbt.plugins.JvmPlugin)))
[debug] Clause(Atom(sbt.plugins.JUnitXmlReportPlugin),Set(Atom(sbt.plugins.JvmPlugin)))
[debug] Clause(Atom(sbt.plugins.MiniDependencyTreePlugin),Set(Atom(sbt.plugins.JvmPlugin)))
[debug] Clause(Atom(sbt.plugins.CorePlugin),Set(Atom(sbt.plugins.IvyPlugin)))
[debug] Clause(Atom(sbt.plugins.IvyPlugin),Set(Atom(sbt.plugins.JvmPlugin)))
[debug] Clause(Atom(sbt.plugins.JvmPlugin),Set(Atom(sbt.plugins.SemanticdbPlugin)))
[debug] Clause(Atom(sbt.plugins.JvmPlugin),Set(Atom(sbt.plugins.JUnitXmlReportPlugin)))
[debug] Clause(Atom(sbt.plugins.CorePlugin),Set(Atom(sbt.plugins.Giter8TemplatePlugin)))
[debug] Clause(Atom(sbt.plugins.JvmPlugin),Set(Atom(sbt.plugins.MiniDependencyTreePlugin))))
[debug]   :: deduced result: Matched(sbt.plugins.CorePlugin,sbt.plugins.Giter8TemplatePlugin,sbt.plugins.IvyPlugin,sbt.plugins.JvmPlugin,sbt.plugins.MiniDependencyTreePlugin,sbt.plugins.JUnitXmlReportPlugin,sbt.plugins.SemanticdbPlugin)
[debug] Plugins.deducer#function took 1.077629 ms
[info] loading settings for project root from build.sbt...
[debug]         Load.resolveProject(root) took 1.086264ms
[debug]       Load.loadTransitive: finalizeProject(Project(id root, base: /home/david-lacour/Documents/Tchu/tchu-scala, plugins: List(<none>))) took 2.618411ms
[debug] [Loading] Done in /home/david-lacour/Documents/Tchu/tchu-scala, returning: (root)
[debug]     Load.loadUnit: loadedProjectsRaw took 73.690685ms
[debug]     Load.loadUnit: cleanEvalClasses took 1.82722ms
[debug]   Load.loadUnit(file:/home/david-lacour/Documents/Tchu/tchu-scala/, ...) took 968.118869ms
[debug] Load.apply: load took 976.991507ms
[debug] Load.apply: resolveProjects took 0.092099ms
[debug] Load.apply: finalTransforms took 6.939366ms
[debug] Load.apply: config.delegates took 0.20279ms
[debug] Load.apply: Def.make(settings)... took 48.294075ms
[debug] Load.apply: structureIndex took 18.519974ms
[debug] Load.apply: mkStreams took 0.002019ms
[info] set current project to tchu-scala (in build file:/home/david-lacour/Documents/Tchu/tchu-scala/)
[debug] > Exec(sbtPopOnFailure, None, None)
[debug] > Exec(resumeFromFailure, None, None)
[debug] > Exec(notifyUsersAboutShell, None, None)
[debug] > Exec(iflast shell, None, None)
[debug] > Exec(run, None, None)
[debug] Evaluating tasks: Compile / run
[debug] Running task... Cancel: Signal, check cycles: false, forcegc: true
[info] compiling 1 Scala source to /home/david-lacour/Documents/Tchu/tchu-scala/target/scala-3.8.0/classes ...
[info] done compiling
