[debug] > Exec(early(addDefaultCommands), None, None)
[debug] > Exec(addDefaultCommands, None, None)
[debug] > Exec(early(initialize), None, None)
[debug] > Exec(initialize, None, None)
[debug] > Exec(boot, None, None)
[debug] > Exec(writeSbtVersion, None, None)
[debug] > Exec(reload, None, None)
[debug] > Exec(sbtStashOnFailure, None, None)
[debug] > Exec(onFailure loadFailed, None, None)
[debug] > Exec(loadp, None, None)
[info] welcome to sbt 1.10.7 (Ubuntu Java 21.0.9)
[debug] Load.defaultLoad until apply took 54.381759ms
[debug]           Load.loadUnit: plugins took 40.153812ms
[debug]           Load.loadUnit: defsScala took 0.22141ms
[debug] [Loading] Scanning directory /home/david-lacour/Documents/Tchu/tchu-scala/project
[debug] [Loading] Found non-root projects 
[debug] [Loading] Done in /home/david-lacour/Documents/Tchu/tchu-scala/project, returning: ()
[debug] deducing auto plugins based on known facts Set(Atom(sbt.plugins.CorePlugin)) and clauses Clauses(Clause(Atom(sbt.plugins.JvmPlugin),Set(Atom(sbt.plugins.IvyPlugin)))
[debug] Clause(Atom(sbt.ScriptedPlugin),Set(Atom(sbt.plugins.JvmPlugin)))
[debug] Clause(Atom(sbt.plugins.SbtPlugin),Set(Atom(sbt.ScriptedPlugin)))
[debug] Clause(Atom(sbt.plugins.SemanticdbPlugin),Set(Atom(sbt.plugins.JvmPlugin)))
[debug] Clause(Atom(sbt.plugins.JUnitXmlReportPlugin),Set(Atom(sbt.plugins.JvmPlugin)))
[debug] Clause(Atom(sbt.plugins.MiniDependencyTreePlugin),Set(Atom(sbt.plugins.JvmPlugin)))
[debug] Clause(Atom(sbt.plugins.CorePlugin),Set(Atom(sbt.plugins.IvyPlugin)))
[debug] Clause(Atom(sbt.plugins.IvyPlugin),Set(Atom(sbt.plugins.JvmPlugin)))
[debug] Clause(Atom(sbt.plugins.JvmPlugin),Set(Atom(sbt.plugins.SemanticdbPlugin)))
[debug] Clause(Atom(sbt.plugins.JvmPlugin),Set(Atom(sbt.plugins.JUnitXmlReportPlugin)))
[debug] Clause(Atom(sbt.plugins.CorePlugin),Set(Atom(sbt.plugins.Giter8TemplatePlugin)))
[debug] Clause(Atom(sbt.plugins.JvmPlugin),Set(Atom(sbt.plugins.MiniDependencyTreePlugin))))
[debug]   :: deduced result: Matched(sbt.plugins.CorePlugin,sbt.plugins.Giter8TemplatePlugin,sbt.plugins.IvyPlugin,sbt.plugins.JvmPlugin,sbt.plugins.MiniDependencyTreePlugin,sbt.plugins.JUnitXmlReportPlugin,sbt.plugins.SemanticdbPlugin)
[debug] Plugins.deducer#function took 10.57571 ms
[debug]               Load.resolveProject(tchu-scala-build) took 32.173559ms
[debug]             Load.loadTransitive: finalizeProject(Project(id tchu-scala-build, base: /home/david-lacour/Documents/Tchu/tchu-scala/project, plugins: List(<none>))) took 56.073459ms
[debug] [Loading] Done in /home/david-lacour/Documents/Tchu/tchu-scala/project, returning: (tchu-scala-build)
[debug]           Load.loadUnit: loadedProjectsRaw took 70.886531ms
[debug]           Load.loadUnit: cleanEvalClasses took 0.170114ms
[debug]         Load.loadUnit(file:/home/david-lacour/Documents/Tchu/tchu-scala/project/, ...) took 115.184093ms
[debug]       Load.apply: load took 260.81571ms
[debug]       Load.apply: resolveProjects took 3.877944ms
[debug]       Load.apply: finalTransforms took 39.558418ms
[debug]       Load.apply: config.delegates took 4.86657ms
[debug]       Load.apply: Def.make(settings)... took 218.65997ms
[debug]       Load.apply: structureIndex took 60.895309ms
[debug]       Load.apply: mkStreams took 0.982306ms
[info] loading project definition from /home/david-lacour/Documents/Tchu/tchu-scala/project
[debug] Running task... Cancel: Signal, check cycles: false, forcegc: true
[debug]     Load.loadUnit: plugins took 1186.859879ms
[debug]     Load.loadUnit: defsScala took 0.008378ms
[debug] [Loading] Scanning directory /home/david-lacour/Documents/Tchu/tchu-scala
[debug]       Load.loadUnit: mkEval took 3.563767ms
[debug] [Loading] Found root project root w/ remaining 
[debug] deducing auto plugins based on known facts Set(Atom(sbt.plugins.CorePlugin)) and clauses Clauses(Clause(Atom(sbt.plugins.JvmPlugin),Set(Atom(sbt.plugins.IvyPlugin)))
[debug] Clause(Atom(sbt.ScriptedPlugin),Set(Atom(sbt.plugins.JvmPlugin)))
[debug] Clause(Atom(sbt.plugins.SbtPlugin),Set(Atom(sbt.ScriptedPlugin)))
[debug] Clause(Atom(sbt.plugins.SemanticdbPlugin),Set(Atom(sbt.plugins.JvmPlugin)))
[debug] Clause(Atom(sbt.plugins.JUnitXmlReportPlugin),Set(Atom(sbt.plugins.JvmPlugin)))
[debug] Clause(Atom(sbt.plugins.MiniDependencyTreePlugin),Set(Atom(sbt.plugins.JvmPlugin)))
[debug] Clause(Atom(sbt.plugins.CorePlugin),Set(Atom(sbt.plugins.IvyPlugin)))
[debug] Clause(Atom(sbt.plugins.IvyPlugin),Set(Atom(sbt.plugins.JvmPlugin)))
[debug] Clause(Atom(sbt.plugins.JvmPlugin),Set(Atom(sbt.plugins.SemanticdbPlugin)))
[debug] Clause(Atom(sbt.plugins.JvmPlugin),Set(Atom(sbt.plugins.JUnitXmlReportPlugin)))
[debug] Clause(Atom(sbt.plugins.CorePlugin),Set(Atom(sbt.plugins.Giter8TemplatePlugin)))
[debug] Clause(Atom(sbt.plugins.JvmPlugin),Set(Atom(sbt.plugins.MiniDependencyTreePlugin))))
[debug]   :: deduced result: Matched(sbt.plugins.CorePlugin,sbt.plugins.Giter8TemplatePlugin,sbt.plugins.IvyPlugin,sbt.plugins.JvmPlugin,sbt.plugins.MiniDependencyTreePlugin,sbt.plugins.JUnitXmlReportPlugin,sbt.plugins.SemanticdbPlugin)
[debug] Plugins.deducer#function took 1.984882 ms
[info] loading settings for project root from build.sbt...
[debug]         Load.resolveProject(root) took 1.329946ms
[debug]       Load.loadTransitive: finalizeProject(Project(id root, base: /home/david-lacour/Documents/Tchu/tchu-scala, plugins: List(<none>))) took 3.915676ms
[debug] [Loading] Done in /home/david-lacour/Documents/Tchu/tchu-scala, returning: (root)
[debug]     Load.loadUnit: loadedProjectsRaw took 96.253076ms
[debug]     Load.loadUnit: cleanEvalClasses took 1.858664ms
[debug]   Load.loadUnit(file:/home/david-lacour/Documents/Tchu/tchu-scala/, ...) took 1286.62193ms
[debug] Load.apply: load took 1297.528408ms
[debug] Load.apply: resolveProjects took 0.077223ms
[debug] Load.apply: finalTransforms took 10.979522ms
[debug] Load.apply: config.delegates took 0.240631ms
[debug] Load.apply: Def.make(settings)... took 62.974379ms
[debug] Load.apply: structureIndex took 26.334697ms
[debug] Load.apply: mkStreams took 0.003139ms
[info] set current project to tchu-scala (in build file:/home/david-lacour/Documents/Tchu/tchu-scala/)
[debug] > Exec(sbtPopOnFailure, None, None)
[debug] > Exec(resumeFromFailure, None, None)
[debug] > Exec(notifyUsersAboutShell, None, None)
[debug] > Exec(iflast shell, None, None)
[debug] > Exec(runMain ch.epfl.tchu.gui.Main, None, None)
[debug] Evaluating tasks: Compile / runMain
[debug] Running task... Cancel: Signal, check cycles: false, forcegc: true
[info] compiling 1 Scala source to /home/david-lacour/Documents/Tchu/tchu-scala/target/scala-3.8.0/classes ...
[warn] -- Warning: /home/david-lacour/Documents/Tchu/tchu-scala/src/main/scala/ch/epfl/tchu/gui/GraphicalPlayerAdapter.scala:101:53 
[warn] 101 |    Platform.runLater(() => graphicalPlayer.drawCard(putCardSlot))
[warn]     |                                                     ^^^^^^^^^^^
[warn]     |method putCardSlot is eta-expanded even though ch.epfl.tchu.gui.ActionHandlers.DrawCardHandler does not have the @FunctionalInterface annotation.
[warn] -- Warning: /home/david-lacour/Documents/Tchu/tchu-scala/src/main/scala/ch/epfl/tchu/gui/GraphicalPlayerAdapter.scala:124:75 
[warn] 124 |    Platform.runLater(() => graphicalPlayer.chooseAdditionalCards(options, putCards))
[warn]     |                                                                           ^^^^^^^^
[warn]     |method putCards is eta-expanded even though ch.epfl.tchu.gui.ActionHandlers.ChooseCardsHandler does not have the @FunctionalInterface annotation.
[warn] two warnings found
[info] done compiling
