[debug] > Exec(early(addDefaultCommands), None, None)
[debug] > Exec(addDefaultCommands, None, None)
[debug] > Exec(early(initialize), None, None)
[debug] > Exec(initialize, None, None)
[debug] > Exec(boot, None, None)
[debug] > Exec(writeSbtVersion, None, None)
[debug] > Exec(reload, None, None)
[debug] > Exec(sbtStashOnFailure, None, None)
[debug] > Exec(onFailure loadFailed, None, None)
[debug] > Exec(loadp, None, None)
[info] welcome to sbt 1.10.7 (Ubuntu Java 21.0.9)
[debug] Load.defaultLoad until apply took 44.290001ms
[debug]           Load.loadUnit: plugins took 35.667907ms
[debug]           Load.loadUnit: defsScala took 0.266908ms
[debug] [Loading] Scanning directory /home/david-lacour/Documents/Tchu/tchu-scala/project
[debug] [Loading] Found non-root projects 
[debug] [Loading] Done in /home/david-lacour/Documents/Tchu/tchu-scala/project, returning: ()
[debug] deducing auto plugins based on known facts Set(Atom(sbt.plugins.CorePlugin)) and clauses Clauses(Clause(Atom(sbt.plugins.JvmPlugin),Set(Atom(sbt.plugins.IvyPlugin)))
[debug] Clause(Atom(sbt.ScriptedPlugin),Set(Atom(sbt.plugins.JvmPlugin)))
[debug] Clause(Atom(sbt.plugins.SbtPlugin),Set(Atom(sbt.ScriptedPlugin)))
[debug] Clause(Atom(sbt.plugins.SemanticdbPlugin),Set(Atom(sbt.plugins.JvmPlugin)))
[debug] Clause(Atom(sbt.plugins.JUnitXmlReportPlugin),Set(Atom(sbt.plugins.JvmPlugin)))
[debug] Clause(Atom(sbt.plugins.MiniDependencyTreePlugin),Set(Atom(sbt.plugins.JvmPlugin)))
[debug] Clause(Atom(sbt.plugins.CorePlugin),Set(Atom(sbt.plugins.IvyPlugin)))
[debug] Clause(Atom(sbt.plugins.IvyPlugin),Set(Atom(sbt.plugins.JvmPlugin)))
[debug] Clause(Atom(sbt.plugins.JvmPlugin),Set(Atom(sbt.plugins.SemanticdbPlugin)))
[debug] Clause(Atom(sbt.plugins.JvmPlugin),Set(Atom(sbt.plugins.JUnitXmlReportPlugin)))
[debug] Clause(Atom(sbt.plugins.CorePlugin),Set(Atom(sbt.plugins.Giter8TemplatePlugin)))
[debug] Clause(Atom(sbt.plugins.JvmPlugin),Set(Atom(sbt.plugins.MiniDependencyTreePlugin))))
[debug]   :: deduced result: Matched(sbt.plugins.CorePlugin,sbt.plugins.Giter8TemplatePlugin,sbt.plugins.IvyPlugin,sbt.plugins.JvmPlugin,sbt.plugins.MiniDependencyTreePlugin,sbt.plugins.JUnitXmlReportPlugin,sbt.plugins.SemanticdbPlugin)
[debug] Plugins.deducer#function took 9.804714 ms
[debug]               Load.resolveProject(tchu-scala-build) took 26.684778ms
[debug]             Load.loadTransitive: finalizeProject(Project(id tchu-scala-build, base: /home/david-lacour/Documents/Tchu/tchu-scala/project, plugins: List(<none>))) took 46.696157ms
[debug] [Loading] Done in /home/david-lacour/Documents/Tchu/tchu-scala/project, returning: (tchu-scala-build)
[debug]           Load.loadUnit: loadedProjectsRaw took 55.781373ms
[debug]           Load.loadUnit: cleanEvalClasses took 0.102113ms
[debug]         Load.loadUnit(file:/home/david-lacour/Documents/Tchu/tchu-scala/project/, ...) took 95.69402ms
[debug]       Load.apply: load took 175.629486ms
[debug]       Load.apply: resolveProjects took 2.898319ms
[debug]       Load.apply: finalTransforms took 30.30255ms
[debug]       Load.apply: config.delegates took 4.294896ms
[debug]       Load.apply: Def.make(settings)... took 204.069176ms
[debug]       Load.apply: structureIndex took 56.465079ms
[debug]       Load.apply: mkStreams took 1.183694ms
[info] loading project definition from /home/david-lacour/Documents/Tchu/tchu-scala/project
[debug] Running task... Cancel: Signal, check cycles: false, forcegc: true
[debug]     Load.loadUnit: plugins took 918.868787ms
[debug]     Load.loadUnit: defsScala took 0.002502ms
[debug] [Loading] Scanning directory /home/david-lacour/Documents/Tchu/tchu-scala
[debug]       Load.loadUnit: mkEval took 2.280981ms
[debug] [Loading] Found root project root w/ remaining 
[debug] deducing auto plugins based on known facts Set(Atom(sbt.plugins.CorePlugin)) and clauses Clauses(Clause(Atom(sbt.plugins.JvmPlugin),Set(Atom(sbt.plugins.IvyPlugin)))
[debug] Clause(Atom(sbt.ScriptedPlugin),Set(Atom(sbt.plugins.JvmPlugin)))
[debug] Clause(Atom(sbt.plugins.SbtPlugin),Set(Atom(sbt.ScriptedPlugin)))
[debug] Clause(Atom(sbt.plugins.SemanticdbPlugin),Set(Atom(sbt.plugins.JvmPlugin)))
[debug] Clause(Atom(sbt.plugins.JUnitXmlReportPlugin),Set(Atom(sbt.plugins.JvmPlugin)))
[debug] Clause(Atom(sbt.plugins.MiniDependencyTreePlugin),Set(Atom(sbt.plugins.JvmPlugin)))
[debug] Clause(Atom(sbt.plugins.CorePlugin),Set(Atom(sbt.plugins.IvyPlugin)))
[debug] Clause(Atom(sbt.plugins.IvyPlugin),Set(Atom(sbt.plugins.JvmPlugin)))
[debug] Clause(Atom(sbt.plugins.JvmPlugin),Set(Atom(sbt.plugins.SemanticdbPlugin)))
[debug] Clause(Atom(sbt.plugins.JvmPlugin),Set(Atom(sbt.plugins.JUnitXmlReportPlugin)))
[debug] Clause(Atom(sbt.plugins.CorePlugin),Set(Atom(sbt.plugins.Giter8TemplatePlugin)))
[debug] Clause(Atom(sbt.plugins.JvmPlugin),Set(Atom(sbt.plugins.MiniDependencyTreePlugin))))
[debug]   :: deduced result: Matched(sbt.plugins.CorePlugin,sbt.plugins.Giter8TemplatePlugin,sbt.plugins.IvyPlugin,sbt.plugins.JvmPlugin,sbt.plugins.MiniDependencyTreePlugin,sbt.plugins.JUnitXmlReportPlugin,sbt.plugins.SemanticdbPlugin)
[debug] Plugins.deducer#function took 2.785687 ms
[info] loading settings for project root from build.sbt...
[debug]         Load.resolveProject(root) took 1.251623ms
[debug]       Load.loadTransitive: finalizeProject(Project(id root, base: /home/david-lacour/Documents/Tchu/tchu-scala, plugins: List(<none>))) took 4.753455ms
[debug] [Loading] Done in /home/david-lacour/Documents/Tchu/tchu-scala, returning: (root)
[debug]     Load.loadUnit: loadedProjectsRaw took 78.138275ms
[debug]     Load.loadUnit: cleanEvalClasses took 1.577406ms
[debug]   Load.loadUnit(file:/home/david-lacour/Documents/Tchu/tchu-scala/, ...) took 999.402497ms
[debug] Load.apply: load took 1008.609324ms
[debug] Load.apply: resolveProjects took 0.078771ms
[debug] Load.apply: finalTransforms took 4.784278ms
[debug] Load.apply: config.delegates took 0.228188ms
[debug] Load.apply: Def.make(settings)... took 46.502612ms
[debug] Load.apply: structureIndex took 18.365952ms
[debug] Load.apply: mkStreams took 0.001923ms
[info] set current project to tchu-scala (in build file:/home/david-lacour/Documents/Tchu/tchu-scala/)
[debug] > Exec(sbtPopOnFailure, None, None)
[debug] > Exec(resumeFromFailure, None, None)
[debug] > Exec(notifyUsersAboutShell, None, None)
[debug] > Exec(iflast shell, None, None)
[debug] > Exec(run, None, None)
[debug] Evaluating tasks: Compile / run
[debug] Running task... Cancel: Signal, check cycles: false, forcegc: true
