[debug] > Exec(early(addDefaultCommands), None, None)
[debug] > Exec(addDefaultCommands, None, None)
[debug] > Exec(early(initialize), None, None)
[debug] > Exec(initialize, None, None)
[debug] > Exec(boot, None, None)
[debug] > Exec(writeSbtVersion, None, None)
[debug] > Exec(reload, None, None)
[debug] > Exec(sbtStashOnFailure, None, None)
[debug] > Exec(onFailure loadFailed, None, None)
[debug] > Exec(loadp, None, None)
[info] welcome to sbt 1.10.7 (Ubuntu Java 21.0.9)
[debug] Load.defaultLoad until apply took 59.141677ms
[debug]           Load.loadUnit: plugins took 36.149831ms
[debug]           Load.loadUnit: defsScala took 0.238829ms
[debug] [Loading] Scanning directory /home/david-lacour/Documents/Tchu/tchu-scala/project
[debug] [Loading] Found non-root projects 
[debug] [Loading] Done in /home/david-lacour/Documents/Tchu/tchu-scala/project, returning: ()
[debug] deducing auto plugins based on known facts Set(Atom(sbt.plugins.CorePlugin)) and clauses Clauses(Clause(Atom(sbt.plugins.JvmPlugin),Set(Atom(sbt.plugins.IvyPlugin)))
[debug] Clause(Atom(sbt.ScriptedPlugin),Set(Atom(sbt.plugins.JvmPlugin)))
[debug] Clause(Atom(sbt.plugins.SbtPlugin),Set(Atom(sbt.ScriptedPlugin)))
[debug] Clause(Atom(sbt.plugins.SemanticdbPlugin),Set(Atom(sbt.plugins.JvmPlugin)))
[debug] Clause(Atom(sbt.plugins.JUnitXmlReportPlugin),Set(Atom(sbt.plugins.JvmPlugin)))
[debug] Clause(Atom(sbt.plugins.MiniDependencyTreePlugin),Set(Atom(sbt.plugins.JvmPlugin)))
[debug] Clause(Atom(sbt.plugins.CorePlugin),Set(Atom(sbt.plugins.IvyPlugin)))
[debug] Clause(Atom(sbt.plugins.IvyPlugin),Set(Atom(sbt.plugins.JvmPlugin)))
[debug] Clause(Atom(sbt.plugins.JvmPlugin),Set(Atom(sbt.plugins.SemanticdbPlugin)))
[debug] Clause(Atom(sbt.plugins.JvmPlugin),Set(Atom(sbt.plugins.JUnitXmlReportPlugin)))
[debug] Clause(Atom(sbt.plugins.CorePlugin),Set(Atom(sbt.plugins.Giter8TemplatePlugin)))
[debug] Clause(Atom(sbt.plugins.JvmPlugin),Set(Atom(sbt.plugins.MiniDependencyTreePlugin))))
[debug]   :: deduced result: Matched(sbt.plugins.CorePlugin,sbt.plugins.Giter8TemplatePlugin,sbt.plugins.IvyPlugin,sbt.plugins.JvmPlugin,sbt.plugins.MiniDependencyTreePlugin,sbt.plugins.JUnitXmlReportPlugin,sbt.plugins.SemanticdbPlugin)
[debug] Plugins.deducer#function took 11.585849 ms
[debug]               Load.resolveProject(tchu-scala-build) took 30.97956ms
[debug]             Load.loadTransitive: finalizeProject(Project(id tchu-scala-build, base: /home/david-lacour/Documents/Tchu/tchu-scala/project, plugins: List(<none>))) took 55.110184ms
[debug] [Loading] Done in /home/david-lacour/Documents/Tchu/tchu-scala/project, returning: (tchu-scala-build)
[debug]           Load.loadUnit: loadedProjectsRaw took 66.929106ms
[debug]           Load.loadUnit: cleanEvalClasses took 0.271463ms
[debug]         Load.loadUnit(file:/home/david-lacour/Documents/Tchu/tchu-scala/project/, ...) took 107.990892ms
[debug]       Load.apply: load took 212.263776ms
[debug]       Load.apply: resolveProjects took 4.293658ms
[debug]       Load.apply: finalTransforms took 43.500091ms
[debug]       Load.apply: config.delegates took 8.059401ms
[debug]       Load.apply: Def.make(settings)... took 253.2624ms
[debug]       Load.apply: structureIndex took 57.685816ms
[debug]       Load.apply: mkStreams took 0.930018ms
[info] loading project definition from /home/david-lacour/Documents/Tchu/tchu-scala/project
[debug] Running task... Cancel: Signal, check cycles: false, forcegc: true
[debug]     Load.loadUnit: plugins took 1279.958005ms
[debug]     Load.loadUnit: defsScala took 0.004958ms
[debug] [Loading] Scanning directory /home/david-lacour/Documents/Tchu/tchu-scala
[debug]       Load.loadUnit: mkEval took 3.518054ms
[debug] [Loading] Found root project root w/ remaining 
[debug] deducing auto plugins based on known facts Set(Atom(sbt.plugins.CorePlugin)) and clauses Clauses(Clause(Atom(sbt.plugins.JvmPlugin),Set(Atom(sbt.plugins.IvyPlugin)))
[debug] Clause(Atom(sbt.ScriptedPlugin),Set(Atom(sbt.plugins.JvmPlugin)))
[debug] Clause(Atom(sbt.plugins.SbtPlugin),Set(Atom(sbt.ScriptedPlugin)))
[debug] Clause(Atom(sbt.plugins.SemanticdbPlugin),Set(Atom(sbt.plugins.JvmPlugin)))
[debug] Clause(Atom(sbt.plugins.JUnitXmlReportPlugin),Set(Atom(sbt.plugins.JvmPlugin)))
[debug] Clause(Atom(sbt.plugins.MiniDependencyTreePlugin),Set(Atom(sbt.plugins.JvmPlugin)))
[debug] Clause(Atom(sbt.plugins.CorePlugin),Set(Atom(sbt.plugins.IvyPlugin)))
[debug] Clause(Atom(sbt.plugins.IvyPlugin),Set(Atom(sbt.plugins.JvmPlugin)))
[debug] Clause(Atom(sbt.plugins.JvmPlugin),Set(Atom(sbt.plugins.SemanticdbPlugin)))
[debug] Clause(Atom(sbt.plugins.JvmPlugin),Set(Atom(sbt.plugins.JUnitXmlReportPlugin)))
[debug] Clause(Atom(sbt.plugins.CorePlugin),Set(Atom(sbt.plugins.Giter8TemplatePlugin)))
[debug] Clause(Atom(sbt.plugins.JvmPlugin),Set(Atom(sbt.plugins.MiniDependencyTreePlugin))))
[debug]   :: deduced result: Matched(sbt.plugins.CorePlugin,sbt.plugins.Giter8TemplatePlugin,sbt.plugins.IvyPlugin,sbt.plugins.JvmPlugin,sbt.plugins.MiniDependencyTreePlugin,sbt.plugins.JUnitXmlReportPlugin,sbt.plugins.SemanticdbPlugin)
[debug] Plugins.deducer#function took 1.37196 ms
[info] loading settings for project root from build.sbt...
[debug]         Load.resolveProject(root) took 1.893353ms
[debug]       Load.loadTransitive: finalizeProject(Project(id root, base: /home/david-lacour/Documents/Tchu/tchu-scala, plugins: List(<none>))) took 4.320281ms
[debug] [Loading] Done in /home/david-lacour/Documents/Tchu/tchu-scala, returning: (root)
[debug]     Load.loadUnit: loadedProjectsRaw took 100.874055ms
[debug]     Load.loadUnit: cleanEvalClasses took 4.095381ms
[debug]   Load.loadUnit(file:/home/david-lacour/Documents/Tchu/tchu-scala/, ...) took 1386.281071ms
[debug] Load.apply: load took 1396.501384ms
[debug] Load.apply: resolveProjects took 0.11122ms
[debug] Load.apply: finalTransforms took 8.375339ms
[debug] Load.apply: config.delegates took 0.37255ms
[debug] Load.apply: Def.make(settings)... took 63.935488ms
[debug] Load.apply: structureIndex took 27.472854ms
[debug] Load.apply: mkStreams took 0.007724ms
[info] set current project to tchu-scala (in build file:/home/david-lacour/Documents/Tchu/tchu-scala/)
[debug] > Exec(sbtPopOnFailure, None, None)
[debug] > Exec(resumeFromFailure, None, None)
[debug] > Exec(notifyUsersAboutShell, None, None)
[debug] > Exec(iflast shell, None, None)
[debug] > Exec(runMain ch.epfl.tchu.gui.Main, None, None)
[debug] Evaluating tasks: Compile / runMain
[debug] Running task... Cancel: Signal, check cycles: false, forcegc: true
